<?xml version="1.0" encoding="UTF-8"?>
<testng-results skipped="0" failed="0" ignored="0" total="0" passed="0">
  <reporter-output>
  </reporter-output>
  <suite name="search.SearchRunner_Test" duration-ms="11" started-at="2022-01-06T16:39:41Z" finished-at="2022-01-06T16:39:41Z">
    <groups>
    </groups>
    <test name="Command line test" duration-ms="11" started-at="2022-01-06T16:39:41Z" finished-at="2022-01-06T16:39:41Z">
    </test> <!-- Command line test -->
  </suite> <!-- search.SearchRunner_Test -->
</testng-results>
